.github/workflows/playwright.yml 6ms (unchanged)
.prettierrc 8ms (unchanged)
config/project-scratch-def.json 1ms (unchanged)
docs/TEST_SPEC_DOCUMENTATION.md 29ms (unchanged)
eslint.config.js 6ms (unchanged)
jest.config.js 1ms (unchanged)
manifest/package.xml 3ms (unchanged)
package-lock.json 28ms (unchanged)
package.json 1ms (unchanged)
playwright.config.js 5ms (unchanged)
README.md 8ms (unchanged)
reporters/jira-reporter.js 12ms (unchanged)
(node:25077) [DEP0190] DeprecationWarning: Passing args to a child process with shell option true can lead to security vulnerabilities, as the arguments are not escaped, only concatenated.
(Use `node --trace-deprecation ...` to show where the warning was created)
scripts/apex/hello.apex 128ms (unchanged)
scripts/generators/api_specs_data.json 4ms (unchanged)
scripts/generators/batch2_specs.json 5ms (unchanged)
scripts/generators/batch3_specs.json 1ms (unchanged)
scripts/generators/batch4_specs.json 3ms (unchanged)
scripts/generators/batch5_specs.json 5ms (unchanged)
scripts/generators/batch6_specs.json 1ms (unchanged)
scripts/generators/eda_specs.json 5ms (unchanged)
scripts/generators/extract_confluence.js 3ms (unchanged)
scripts/generators/fetch_batch2.cjs 4ms (unchanged)
scripts/generators/fetch_batch3.cjs 3ms (unchanged)
scripts/generators/fetch_batch4.cjs 4ms (unchanged)
scripts/generators/fetch_batch5.cjs 4ms (unchanged)
scripts/generators/fetch_batch6.cjs 3ms (unchanged)
scripts/generators/fetch_dukcapil_esim.cjs 3ms (unchanged)
scripts/generators/fetch_eda.cjs 3ms (unchanged)
scripts/generators/fetch_mars_nrm.cjs 4ms (unchanged)
scripts/generators/fetch_new_apis.cjs 5ms (unchanged)
scripts/generators/fetch_new_batch.cjs 3ms (unchanged)
scripts/generators/fetch_new_groups.cjs 3ms (unchanged)
scripts/generators/fix_b2c.cjs 2ms (unchanged)
scripts/generators/fix_batch3.cjs 2ms (unchanged)
scripts/generators/fix_opp.cjs 3ms (unchanged)
scripts/generators/fix_opp2.cjs 3ms (unchanged)
scripts/generators/fix_opp3.cjs 2ms (unchanged)
scripts/generators/fix_payloads.cjs 2ms (unchanged)
scripts/generators/fix_payloads.js 2ms (unchanged)
scripts/generators/fix_payloads2.cjs 2ms (unchanged)
scripts/generators/fix_qth.cjs 2ms (unchanged)
scripts/generators/fix_qth2.cjs 1ms (unchanged)
scripts/generators/fix_qth3.cjs 2ms (unchanged)
scripts/generators/fix_remaining.cjs 2ms (unchanged)
scripts/generators/fix_remaining2.cjs 1ms (unchanged)
scripts/generators/fix_urls_batch3.cjs 1ms (unchanged)
scripts/generators/generate_batch2.cjs 3ms (unchanged)
scripts/generators/generate_batch3.cjs 2ms (unchanged)
scripts/generators/generate_batch4.cjs 2ms (unchanged)
scripts/generators/generate_eda.cjs 2ms (unchanged)
scripts/generators/generate_new_groups.cjs 3ms (unchanged)
scripts/generators/generate_specs.js 1ms (unchanged)
scripts/generators/get_full_json.cjs 1ms (unchanged)
scripts/generators/mars_nrm_specs.json 9ms (unchanged)
scripts/generators/new_api_specs.json 1ms (unchanged)
scripts/generators/new_batch_specs.json 1ms (unchanged)
scripts/generators/new_groups_specs.json 1ms (unchanged)
scripts/generators/opp_payloads.json 1ms (unchanged)
scripts/generators/resolve_tiny.cjs 1ms (unchanged)
scripts/sync_to_db.js 3ms (unchanged)
sfdx-project.json 0ms (unchanged)
test-data/lead-mgmt.json 0ms (unchanged)
test-data/non-ida-05-quote.json 0ms (unchanged)
test-data/non-ida-account-mgmt.json 0ms (unchanged)
test-data/non-ida-oppty.json 0ms (unchanged)
tests/api-readiness/adm/get-device-capabilities-adm.spec.js 3ms (unchanged)
tests/api-readiness/adm/get-device-info-adm.spec.js 3ms (unchanged)
tests/api-readiness/adm/get-subscriber-blacklist-status-adm.spec.js 3ms (unchanged)
tests/api-readiness/adm/get-subscriber-device-history-adm.spec.js 3ms (unchanged)
tests/api-readiness/adm/get-subscriber-settings-history-adm.spec.js 3ms (unchanged)
tests/api-readiness/air/activate-charging.spec.js 5ms (unchanged)
tests/api-readiness/air/generalget.spec.js 3ms (unchanged)
tests/api-readiness/air/queryoffers.spec.js 3ms (unchanged)
tests/api-readiness/air/querypromotionalplan.spec.js 3ms (unchanged)
tests/api-readiness/b2c-icare/icarecreateportoutorder-b2c-to-b2b.spec.js 3ms (unchanged)
tests/api-readiness/com/update-asset-evidence-api.spec.js 3ms (unchanged)
tests/api-readiness/com/update-milestone-to-salesforce-tmf641.spec.js 3ms (unchanged)
tests/api-readiness/com/update-service-order-item-tmf641.spec.js 3ms (unchanged)
tests/api-readiness/corp-portal/activate-user-webtools-update-user-status.spec.js 3ms (unchanged)
tests/api-readiness/corp-portal/create-user-create-new-user-webtools-add-user.spec.js 3ms (unchanged)
tests/api-readiness/corp-portal/deactivate-user-webtools-delete-user-wallet.spec.js 3ms (unchanged)
tests/api-readiness/corp-portal/pair-wallet-webtools-add-user-wallet.spec.js 4ms (unchanged)
tests/api-readiness/corp-portal/query-active-user-query-corporate-users-details-webtools-query-user.spec.js 3ms (unchanged)
tests/api-readiness/corp-portal/query-pair-wallet-detail-webtools-query-user-wallet.spec.js 3ms (unchanged)
tests/api-readiness/crs/msisdn-per-nik.spec.js 3ms (unchanged)
tests/api-readiness/crs/update-to-crs.spec.js 3ms (unchanged)
tests/api-readiness/ctlst/activity-code-closer.spec.js 3ms (unchanged)
tests/api-readiness/ctlst/checksiebeldataloc.spec.js 2ms (unchanged)
tests/api-readiness/ctlst/create-activity-code-from-sfdc-to-siebel-catalist-icare.spec.js 3ms (unchanged)
tests/api-readiness/ctlst/create-ba.spec.js 5ms (unchanged)
tests/api-readiness/ctlst/create-ca.spec.js 3ms (unchanged)
tests/api-readiness/ctlst/create-update-opportunity-contact.spec.js 3ms (unchanged)
tests/api-readiness/ctlst/create-update-opportunity-header.spec.js 3ms (unchanged)
tests/api-readiness/ctlst/create-update-sr-from-sfdc-to-siebel-icare-catalist.spec.js 4ms (unchanged)
tests/api-readiness/ctlst/createtroubleticket.spec.js 3ms (unchanged)
tests/api-readiness/ctlst/delayblockbillingaddress.spec.js 3ms (unchanged)
tests/api-readiness/ctlst/evvalidatecatsr.spec.js 2ms (unchanged)
tests/api-readiness/ctlst/get-puk.spec.js 3ms (unchanged)
tests/api-readiness/ctlst/getcustomerdetailsservice.spec.js 2ms (unchanged)
tests/api-readiness/ctlst/listtroubleticket.spec.js 2ms (unchanged)
tests/api-readiness/ctlst/query-activity-codes.spec.js 2ms (unchanged)
tests/api-readiness/ctlst/query-asset-info.spec.js 2ms (unchanged)
tests/api-readiness/ctlst/query-customer-profile-api.spec.js 2ms (unchanged)
tests/api-readiness/ctlst/query-order-status.spec.js 3ms (unchanged)
tests/api-readiness/ctlst/query-sr-list.spec.js 3ms (unchanged)
tests/api-readiness/ctlst/query-sr-status.spec.js 2ms (unchanged)
tests/api-readiness/ctlst/query-sr.spec.js 2ms (unchanged)
tests/api-readiness/ctlst/queryorderhistory.spec.js 3ms (unchanged)
tests/api-readiness/ctlst/reset-vlr.spec.js 3ms (unchanged)
tests/api-readiness/ctlst/resumeapprovalrequest.spec.js 2ms (unchanged)
tests/api-readiness/ctlst/simreplacementvalidation.spec.js 3ms (unchanged)
tests/api-readiness/ctlst/submitorderactivation.spec.js 3ms (unchanged)
tests/api-readiness/ctlst/troubleticket-callback-from-salesforce-idcc-to-channel.spec.js 3ms (unchanged)
tests/api-readiness/dsa/evdsa-request.spec.js 3ms (unchanged)
tests/api-readiness/dukcapil/validate-nik-nokk.spec.js 3ms (unchanged)
tests/api-readiness/dwh/charging-history-call-history-more-than-24-hours.spec.js 3ms (unchanged)
tests/api-readiness/dwh/query-volte-status.spec.js 3ms (unchanged)
tests/api-readiness/dwh/transaction-history-more-than-24-hours.spec.js 3ms (unchanged)
tests/api-readiness/eda/activate-network-hlr-rfs-newreg-voice-data-supp-add.spec.js 3ms (unchanged)
tests/api-readiness/eda/activate-profile-pcrf-rfs-newreg-pcrf-add.spec.js 3ms (unchanged)
tests/api-readiness/eda/activate-volte-hlr-rfs-volte-provisioning-add.spec.js 3ms (unchanged)
tests/api-readiness/eda/add-package-pcrf-rfs-change-basic-po-pcrf-add.spec.js 3ms (unchanged)
tests/api-readiness/eda/block-asset-hlr-rfs-bar-add.spec.js 3ms (unchanged)
tests/api-readiness/eda/change-package-pcrf-rfs-change-basic-po-pcrf-set.spec.js 2ms (unchanged)
tests/api-readiness/eda/change-sim-hlr-rfs-change-imsi-add.spec.js 3ms (unchanged)
tests/api-readiness/eda/deactivate-network-hlr-rfs-newreg-voice-data-supp-del.spec.js 3ms (unchanged)
tests/api-readiness/eda/deactivate-volte-hlr-rfs-volte-provisioning-del.spec.js 3ms (unchanged)
tests/api-readiness/eda/delete-package-pcrf-rfs-change-basic-po-pcrf-del.spec.js 2ms (unchanged)
tests/api-readiness/eda/modify-idd-international-roaming-rfs-change-basic-po-idd-intl-set.spec.js 2ms (unchanged)
tests/api-readiness/eda/resume-mobile-product-hlr-rfs-suspend-del.spec.js 3ms (unchanged)
tests/api-readiness/eda/suspend-mobile-product-hlr-rfs-suspend-set.spec.js 3ms (unchanged)
tests/api-readiness/eda/terminate-profile-pcrf-rfs-newreg-pcrf-del.spec.js 3ms (unchanged)
tests/api-readiness/eda/unblock-asset-hlr-rfs-bar-del.spec.js 3ms (unchanged)
tests/api-readiness/eda/unblock-sms-hlr-rfs-sms-del.spec.js 3ms (unchanged)
tests/api-readiness/eda/update-network-hlr-rfs-change-basic-po-voice-data-supp-set.spec.js 3ms (unchanged)
tests/api-readiness/eoc/icarecreateportoutorder-b2c-to-b2b.spec.js 2ms (unchanged)
tests/api-readiness/eoc/portoutcompletionnotification-b2b-to-b2c.spec.js 2ms (unchanged)
tests/api-readiness/eoc/responseinditocorpportoutorder-b2c-to-b2b.spec.js 2ms (unchanged)
tests/api-readiness/eoc/salesforcecreateportoutorder-b2b-to-b2c.spec.js 2ms (unchanged)
tests/api-readiness/erp/create-product-sync-product.spec.js 3ms (unchanged)
tests/api-readiness/erp/create-project-sync-project.spec.js 3ms (unchanged)
tests/api-readiness/esim/query-profile-state.spec.js 2ms (unchanged)
tests/api-readiness/esim/send-qr-in-mail.spec.js 2ms (unchanged)
tests/api-readiness/esim/update-profile-state.spec.js 2ms (unchanged)
tests/api-readiness/flex-mobile-portal/create-activate-user.spec.js 2ms (unchanged)
tests/api-readiness/flex-mobile-portal/deactivate-user.spec.js 2ms (unchanged)
tests/api-readiness/flex-mobile-portal/query-transaction-history.spec.js 2ms (unchanged)
tests/api-readiness/hbase/create-subscriber.spec.js 2ms (unchanged)
tests/api-readiness/hbase/delete-subscriber.spec.js 3ms (unchanged)
tests/api-readiness/hpm/get-cluster-name.spec.js 3ms (unchanged)
tests/api-readiness/hpm/get-commercial-name.spec.js 3ms (unchanged)
tests/api-readiness/hpm/reserve-cancel-homepass.spec.js 3ms (unchanged)
tests/api-readiness/hpm/update-homepass.spec.js 2ms (unchanged)
tests/api-readiness/hpm/validate-homepass.spec.js 4ms (unchanged)
tests/api-readiness/ida/create-credential.spec.js 3ms (unchanged)
tests/api-readiness/ida/remove-credential.spec.js 5ms (unchanged)
tests/api-readiness/in/in-query-all-subscription.spec.js 4ms (unchanged)
tests/api-readiness/in/in-query-offer.spec.js 4ms (unchanged)
tests/api-readiness/in/in-query-subscription.spec.js 4ms (unchanged)
tests/api-readiness/in/inqueryfafnumber.spec.js 3ms (unchanged)
tests/api-readiness/in/inqueryremainingusage.spec.js 2ms (unchanged)
tests/api-readiness/in/reset-vlr.spec.js 2ms (unchanged)
tests/api-readiness/ivs/ivs-check-eligibility.spec.js 2ms (unchanged)
tests/api-readiness/jasper/change-ownership.spec.js 2ms (unchanged)
tests/api-readiness/jasper/deactivate-jasper.spec.js 3ms (unchanged)
tests/api-readiness/jasper/new-activation.spec.js 3ms (unchanged)
tests/api-readiness/jasper/status-change.spec.js 3ms (unchanged)
tests/api-readiness/kafka/product-catalog-management-tmf620.spec.js 3ms (unchanged)
tests/api-readiness/mars/activate-bill-on-email.spec.js 3ms (unchanged)
tests/api-readiness/mars/deactivate-bill-on-email.spec.js 2ms (unchanged)
tests/api-readiness/mars/get-bill-on-email-history.spec.js 2ms (unchanged)
tests/api-readiness/mars/modify-bill-on-email-address.spec.js 3ms (unchanged)
tests/api-readiness/ngssp/get-activity-history.spec.js 3ms (unchanged)
tests/api-readiness/ngssp/get-subs-info.spec.js 5ms (unchanged)
tests/api-readiness/ngssp/get-transaction-history-api.spec.js 4ms (unchanged)
tests/api-readiness/ngssp/get-transaction-history-details.spec.js 3ms (unchanged)
tests/api-readiness/ngssp/get-wallet-details.spec.js 5ms (unchanged)
tests/api-readiness/ngssp/insert-update-wallet.spec.js 4ms (unchanged)
tests/api-readiness/ngssp/subscribe-unsubscribe-addon.spec.js 4ms (unchanged)
tests/api-readiness/nrm/activate-billing.spec.js 4ms (unchanged)
tests/api-readiness/nrm/break-termin-bill.spec.js 3ms (unchanged)
tests/api-readiness/nrm/calculate-total-penalty-add-penalty-otc-product.spec.js 3ms (unchanged)
tests/api-readiness/nrm/cancel-termin-bill.spec.js 2ms (unchanged)
tests/api-readiness/nrm/cancel-tiering-discount.spec.js 2ms (unchanged)
tests/api-readiness/nrm/check-tiering-discount-eligibility.spec.js 2ms (unchanged)
tests/api-readiness/nrm/create-adjustment.spec.js 3ms (unchanged)
tests/api-readiness/nrm/create-cca.spec.js 3ms (unchanged)
tests/api-readiness/nrm/create-installment.spec.js 2ms (unchanged)
tests/api-readiness/nrm/create-minimum-commitment.spec.js 2ms (unchanged)
tests/api-readiness/nrm/create-termin-bill.spec.js 2ms (unchanged)
tests/api-readiness/nrm/get-adjustment-history.spec.js 2ms (unchanged)
tests/api-readiness/nrm/get-billing-account-summary.spec.js 2ms (unchanged)
tests/api-readiness/nrm/get-billing-detail.spec.js 2ms (unchanged)
tests/api-readiness/nrm/get-dunning-execution-csp.spec.js 2ms (unchanged)
tests/api-readiness/nrm/get-dunning-history.spec.js 2ms (unchanged)
tests/api-readiness/nrm/get-failed-payment-allocation.spec.js 3ms (unchanged)
tests/api-readiness/nrm/get-hold-bill.spec.js 3ms (unchanged)
tests/api-readiness/nrm/get-invoice-adjustment.spec.js 2ms (unchanged)
tests/api-readiness/nrm/get-invoice-detail.spec.js 2ms (unchanged)
tests/api-readiness/nrm/get-invoice-dispute.spec.js 2ms (unchanged)
tests/api-readiness/nrm/get-invoice-list.spec.js 2ms (unchanged)
tests/api-readiness/nrm/get-invoice-product-charge.spec.js 2ms (unchanged)
tests/api-readiness/nrm/get-invoice-revenue.spec.js 2ms (unchanged)
tests/api-readiness/nrm/get-ledger.spec.js 2ms (unchanged)
tests/api-readiness/nrm/get-payment-history.spec.js 2ms (unchanged)
tests/api-readiness/nrm/get-performance-invoice.spec.js 2ms (unchanged)
tests/api-readiness/nrm/get-summary-statement.spec.js 2ms (unchanged)
tests/api-readiness/nrm/get-usage-billed-unbilled.spec.js 2ms (unchanged)
tests/api-readiness/nrm/get-usage.spec.js 2ms (unchanged)
tests/api-readiness/nrm/get-virtual-account.spec.js 2ms (unchanged)
tests/api-readiness/nrm/modify-termin-bill.spec.js 3ms (unchanged)
tests/api-readiness/nrm/modify-virtual-account.spec.js 2ms (unchanged)
tests/api-readiness/nrm/perform-delay-block.spec.js 2ms (unchanged)
tests/api-readiness/nrm/query-hot-billing-history.spec.js 2ms (unchanged)
tests/api-readiness/nrm/query-last-invoice-history-on-tiering-discount-view.spec.js 2ms (unchanged)
tests/api-readiness/nrm/query-sr-invoice-pick-applet-dispute.spec.js 2ms (unchanged)
tests/api-readiness/nrm/query-sr-invoice-pick-applet-reinvoice.spec.js 2ms (unchanged)
tests/api-readiness/nrm/query-tiering-discount-history.spec.js 2ms (unchanged)
tests/api-readiness/nrm/rbm-modify-hold-bill.spec.js 2ms (unchanged)
tests/api-readiness/nrm/rbmaddbomproduct.spec.js 2ms (unchanged)
tests/api-readiness/nrm/rbmmodifybomproduct.spec.js 2ms (unchanged)
tests/api-readiness/nrm/rbmqueryinfobom.spec.js 4ms (unchanged)
tests/api-readiness/nrm/rbmremovebomproduct.spec.js 2ms (unchanged)
tests/api-readiness/nrm/remove-minimum-commitment.spec.js 2ms (unchanged)
tests/api-readiness/nrm/request-hot-bill.spec.js 2ms (unchanged)
tests/api-readiness/nrm/request-performance-invoice.spec.js 2ms (unchanged)
tests/api-readiness/nrm/submit-modify-tiering-discount.spec.js 2ms (unchanged)
tests/api-readiness/nrm/submit-termin-hold-bill.spec.js 2ms (unchanged)
tests/api-readiness/nrm/subscribe-dunning-order.spec.js 2ms (unchanged)
tests/api-readiness/nrm/subscribe-first-bill-payment.spec.js 2ms (unchanged)
tests/api-readiness/nrm/tmf620-product-catalog-management.spec.js 2ms (unchanged)
tests/api-readiness/nrm/update-ba.spec.js 4ms (unchanged)
tests/api-readiness/nrm/update-ca.spec.js 3ms (unchanged)
tests/api-readiness/nrm/update-cca.spec.js 2ms (unchanged)
tests/api-readiness/ocs/get-charging-usage-call-history-under-24-hours.spec.js 2ms (unchanged)
tests/api-readiness/ocs/transaction-history-under-24-hours.spec.js 2ms (unchanged)
tests/api-readiness/ows/cancel-reservation.spec.js 2ms (unchanged)
tests/api-readiness/ows/create-forecast.spec.js 2ms (unchanged)
tests/api-readiness/ows/create-ticket-to-network.spec.js 2ms (unchanged)
tests/api-readiness/ows/extend-reservation.spec.js 2ms (unchanged)
tests/api-readiness/ows/get-devices.spec.js 2ms (unchanged)
tests/api-readiness/ows/get-forecast-details.spec.js 2ms (unchanged)
tests/api-readiness/ows/get-nearest-sites.spec.js 2ms (unchanged)
tests/api-readiness/ows/get-power.spec.js 2ms (unchanged)
tests/api-readiness/ows/get-tower-provider-details.spec.js 2ms (unchanged)
tests/api-readiness/ows/update-ticket-to-network.spec.js 2ms (unchanged)
tests/api-readiness/sensum/submit-case-events.spec.js 2ms (unchanged)
tests/api-readiness/smsc/send-sms-notification.spec.js 5ms (unchanged)
tests/api-readiness/som/order-cancellation-tmf641.spec.js 3ms (unchanged)
tests/api-readiness/som/provisioning-for-iphone-ftth-create-modify-order-tmf641.spec.js 3ms (unchanged)
tests/api-readiness/som/query-iphone-network-features-tmf638-all-services.spec.js 2ms (unchanged)
tests/api-readiness/som/som-service-delete-tmf641.spec.js 2ms (unchanged)
tests/api-readiness/som/som-service-inventory-get-tmf638-all-services.spec.js 2ms (unchanged)
tests/api-readiness/som/som-service-inventory-update.spec.js 2ms (unchanged)
tests/api-readiness/som/som-service-order-get-tmf641-all-service-orders.spec.js 2ms (unchanged)
tests/api-readiness/som/update-fallout-status.spec.js 2ms (unchanged)
tests/api-readiness/som/work-order-progress-update-update-installation-evidence-to-som.spec.js 2ms (unchanged)
tests/api-readiness/tnm/activate-postpaid-dsa-sim.spec.js 2ms (unchanged)
tests/api-readiness/tnm/deactivate-sim.spec.js 2ms (unchanged)
tests/api-readiness/tnm/get-imsi-d-and-kik4-usim-non-usim.spec.js 2ms (unchanged)
tests/api-readiness/tnm/good-issue.spec.js 2ms (unchanged)
tests/api-readiness/tnm/pair-msisdn-and-sim.spec.js 2ms (unchanged)
tests/api-readiness/tnm/port-in-and-port-out-eoc-salesforce.spec.js 2ms (unchanged)
tests/api-readiness/tnm/query-iccid-details.spec.js 3ms (unchanged)
tests/api-readiness/tnm/query-iccid-list.spec.js 2ms (unchanged)
tests/api-readiness/tnm/query-msisdn-details.spec.js 2ms (unchanged)
tests/api-readiness/tnm/query-msisdn-list.spec.js 2ms (unchanged)
tests/api-readiness/tnm/reserve-unreserve-iccid.spec.js 2ms (unchanged)
tests/api-readiness/tnm/reserve-unreserve-msisdn.spec.js 2ms (unchanged)
tests/api-readiness/tnm/unpair-msisdn-from-sim.spec.js 2ms (unchanged)
tests/api-readiness/tnm/update-msisdn-status-iphone.spec.js 2ms (unchanged)
tests/api-readiness/vas/query-rbt-product-catalogue.spec.js 2ms (unchanged)
tests/api-readiness/vas/query-sdp-product-catalogue.spec.js 2ms (unchanged)
tests/api-readiness/vas/vas-rbt-provisioning-de-provisioning.spec.js 2ms (unchanged)
tests/api-readiness/vas/vas-sdp-provisioning-de-provisioning.spec.js 2ms (unchanged)
tests/api-readiness/vfree/billing-invoice-delivery-provisioning.spec.js 3ms (unchanged)
tests/api-readiness/vfree/re-invoice-trigger.spec.js 7ms (unchanged)
tests/api-readiness/voucher-mgmt-system/voucher-refill.spec.js 3ms (unchanged)
tests/non-ida/00-app-navigation.spec.js 2ms (unchanged)
tests/non-ida/01-account-mgmt-api.spec.js 4ms (unchanged)
tests/non-ida/01-account-mgmt.spec.js 14ms (unchanged)
tests/non-ida/02-lead-mgmt.spec.js 6ms (unchanged)
tests/non-ida/03-oppty-mgmt-sales.spec.js 8ms (unchanged)
tests/non-ida/04-oppty-mgmt-es.spec.js 5ms (unchanged)
tests/non-ida/05-quote-mgmt-es.spec.js 12ms (unchanged)
tests/non-ida/06-contract-mgmt-sales.spec.js 8ms (unchanged)
utils/db.js 2ms (unchanged)
utils/run-server.js 5ms (unchanged)
utils/sf-auth.js 1ms (unchanged)
